  [1m[36m (1.7ms)[0m  [1mCREATE TABLE "schema_migrations" ("version" varchar NOT NULL) [0m
  [1m[35m (0.1ms)[0m  select sqlite_version(*)
  [1m[36m (1.6ms)[0m  [1mCREATE UNIQUE INDEX "unique_schema_migrations" ON "schema_migrations" ("version")[0m
  [1m[35mActiveRecord::SchemaMigration Load (0.1ms)[0m  SELECT "schema_migrations".* FROM "schema_migrations"


Started GET "/" for ::1 at 2015-11-17 17:47:54 -0600
Processing by Rails::WelcomeController#index as HTML
  Rendered /Users/admin/.rvm/gems/ruby-2.1.2/gems/railties-4.2.3/lib/rails/templates/rails/welcome/index.html.erb (2.8ms)
Completed 200 OK in 27ms (Views: 19.4ms | ActiveRecord: 0.0ms)
  [1m[36mActiveRecord::SchemaMigration Load (0.1ms)[0m  [1mSELECT "schema_migrations".* FROM "schema_migrations"[0m
Migrating to CreateStudents (1)
  [1m[35m (0.1ms)[0m  begin transaction
  [1m[36m (0.4ms)[0m  [1mCREATE TABLE "students" ("id" INTEGER PRIMARY KEY AUTOINCREMENT NOT NULL, "first_name" varchar, "last_name" varchar, "created_at" datetime NOT NULL, "updated_at" datetime NOT NULL) [0m
  [1m[35mSQL (0.3ms)[0m  INSERT INTO "schema_migrations" ("version") VALUES (?)  [["version", "1"]]
  [1m[36m (1.4ms)[0m  [1mcommit transaction[0m
  [1m[35mActiveRecord::SchemaMigration Load (0.1ms)[0m  SELECT "schema_migrations".* FROM "schema_migrations"
  [1m[36m (0.1ms)[0m  [1mbegin transaction[0m
  [1m[35mSQL (0.3ms)[0m  INSERT INTO "students" ("first_name", "last_name", "created_at", "updated_at") VALUES (?, ?, ?, ?)  [["first_name", "Jordan"], ["last_name", "Hudgens"], ["created_at", "2015-11-18 00:10:55.545365"], ["updated_at", "2015-11-18 00:10:55.545365"]]
  [1m[36m (2.9ms)[0m  [1mcommit transaction[0m
  [1m[35mStudent Load (0.2ms)[0m  SELECT  "students".* FROM "students"  ORDER BY "students"."id" DESC LIMIT 1
  [1m[36m (0.1ms)[0m  [1mbegin transaction[0m
  [1m[35mSQL (0.3ms)[0m  INSERT INTO "students" ("created_at", "updated_at") VALUES (?, ?)  [["created_at", "2015-11-18 00:17:49.095449"], ["updated_at", "2015-11-18 00:17:49.095449"]]
  [1m[36m (1.2ms)[0m  [1mcommit transaction[0m
  [1m[35mStudent Load (0.2ms)[0m  SELECT  "students".* FROM "students"  ORDER BY "students"."id" DESC LIMIT 1
  [1m[36mActiveRecord::SchemaMigration Load (0.1ms)[0m  [1mSELECT "schema_migrations".* FROM "schema_migrations"[0m
  [1m[35mActiveRecord::SchemaMigration Load (0.1ms)[0m  SELECT "schema_migrations".* FROM "schema_migrations"


Started GET "/" for ::1 at 2015-11-18 13:36:42 -0600
  [1m[36mActiveRecord::SchemaMigration Load (0.1ms)[0m  [1mSELECT "schema_migrations".* FROM "schema_migrations"[0m
Processing by Rails::WelcomeController#index as HTML
  Rendered /Users/admin/.rvm/gems/ruby-2.1.2/gems/railties-4.2.3/lib/rails/templates/rails/welcome/index.html.erb (2.4ms)
Completed 200 OK in 39ms (Views: 24.5ms | ActiveRecord: 0.0ms)


Started GET "/" for ::1 at 2015-11-18 13:37:10 -0600
Processing by Rails::WelcomeController#index as HTML
  Rendered /Users/admin/.rvm/gems/ruby-2.1.2/gems/railties-4.2.3/lib/rails/templates/rails/welcome/index.html.erb (0.0ms)
Completed 200 OK in 1ms (Views: 0.7ms | ActiveRecord: 0.0ms)
  [1m[36mActiveRecord::SchemaMigration Load (0.5ms)[0m  [1mSELECT "schema_migrations".* FROM "schema_migrations"[0m
  [1m[35mActiveRecord::SchemaMigration Load (0.1ms)[0m  SELECT "schema_migrations".* FROM "schema_migrations"
  [1m[36mStudent Load (0.4ms)[0m  [1mSELECT  "students".* FROM "students"  ORDER BY "students"."id" DESC LIMIT 1[0m
  [1m[35mStudent Load (0.2ms)[0m  SELECT  "students".* FROM "students"  ORDER BY "students"."id" DESC LIMIT 1
  [1m[36m (0.1ms)[0m  [1mbegin transaction[0m
  [1m[35mSQL (0.6ms)[0m  DELETE FROM "students" WHERE "students"."id" = ?  [["id", 2]]
  [1m[36m (1.6ms)[0m  [1mcommit transaction[0m
  [1m[35mStudent Load (0.2ms)[0m  SELECT "students".* FROM "students"
DEPRECATION WARNING: Static attributes will be removed in FactoryBot 5.0. Please use dynamic
attributes instead by wrapping the attribute value in a block:

title { "Computer Science" }

To automatically update from static attributes to dynamic ones,
install rubocop-rspec and run:

rubocop \
  --require rubocop-rspec \
  --only FactoryBot/AttributeDefinedStatically \
  --auto-correct

. (called from block (2 levels) in <top (required)> at /Users/flatironschool/Development/Mod2/rails-form_for-lab-nyc-web-111918/spec/factories/school_classes.rb:3)
DEPRECATION WARNING: Static attributes will be removed in FactoryBot 5.0. Please use dynamic
attributes instead by wrapping the attribute value in a block:

room_number { 5 }

To automatically update from static attributes to dynamic ones,
install rubocop-rspec and run:

rubocop \
  --require rubocop-rspec \
  --only FactoryBot/AttributeDefinedStatically \
  --auto-correct

. (called from block (2 levels) in <top (required)> at /Users/flatironschool/Development/Mod2/rails-form_for-lab-nyc-web-111918/spec/factories/school_classes.rb:4)
DEPRECATION WARNING: Static attributes will be removed in FactoryBot 5.0. Please use dynamic
attributes instead by wrapping the attribute value in a block:

first_name { "Daenerys" }

To automatically update from static attributes to dynamic ones,
install rubocop-rspec and run:

rubocop \
  --require rubocop-rspec \
  --only FactoryBot/AttributeDefinedStatically \
  --auto-correct

. (called from block (2 levels) in <top (required)> at /Users/flatironschool/Development/Mod2/rails-form_for-lab-nyc-web-111918/spec/factories/students.rb:3)
DEPRECATION WARNING: Static attributes will be removed in FactoryBot 5.0. Please use dynamic
attributes instead by wrapping the attribute value in a block:

last_name { "Targaryen" }

To automatically update from static attributes to dynamic ones,
install rubocop-rspec and run:

rubocop \
  --require rubocop-rspec \
  --only FactoryBot/AttributeDefinedStatically \
  --auto-correct

. (called from block (2 levels) in <top (required)> at /Users/flatironschool/Development/Mod2/rails-form_for-lab-nyc-web-111918/spec/factories/students.rb:4)
DEPRECATION WARNING: Static attributes will be removed in FactoryBot 5.0. Please use dynamic
attributes instead by wrapping the attribute value in a block:

title { "Computer Science" }

To automatically update from static attributes to dynamic ones,
install rubocop-rspec and run:

rubocop \
  --require rubocop-rspec \
  --only FactoryBot/AttributeDefinedStatically \
  --auto-correct

. (called from block (2 levels) in <top (required)> at /Users/flatironschool/Development/Mod2/rails-form_for-lab-nyc-web-111918/spec/factories/school_classes.rb:3)
DEPRECATION WARNING: Static attributes will be removed in FactoryBot 5.0. Please use dynamic
attributes instead by wrapping the attribute value in a block:

room_number { 5 }

To automatically update from static attributes to dynamic ones,
install rubocop-rspec and run:

rubocop \
  --require rubocop-rspec \
  --only FactoryBot/AttributeDefinedStatically \
  --auto-correct

. (called from block (2 levels) in <top (required)> at /Users/flatironschool/Development/Mod2/rails-form_for-lab-nyc-web-111918/spec/factories/school_classes.rb:4)
DEPRECATION WARNING: Static attributes will be removed in FactoryBot 5.0. Please use dynamic
attributes instead by wrapping the attribute value in a block:

first_name { "Daenerys" }

To automatically update from static attributes to dynamic ones,
install rubocop-rspec and run:

rubocop \
  --require rubocop-rspec \
  --only FactoryBot/AttributeDefinedStatically \
  --auto-correct

. (called from block (2 levels) in <top (required)> at /Users/flatironschool/Development/Mod2/rails-form_for-lab-nyc-web-111918/spec/factories/students.rb:3)
DEPRECATION WARNING: Static attributes will be removed in FactoryBot 5.0. Please use dynamic
attributes instead by wrapping the attribute value in a block:

last_name { "Targaryen" }

To automatically update from static attributes to dynamic ones,
install rubocop-rspec and run:

rubocop \
  --require rubocop-rspec \
  --only FactoryBot/AttributeDefinedStatically \
  --auto-correct

. (called from block (2 levels) in <top (required)> at /Users/flatironschool/Development/Mod2/rails-form_for-lab-nyc-web-111918/spec/factories/students.rb:4)
DEPRECATION WARNING: Static attributes will be removed in FactoryBot 5.0. Please use dynamic
attributes instead by wrapping the attribute value in a block:

title { "Computer Science" }

To automatically update from static attributes to dynamic ones,
install rubocop-rspec and run:

rubocop \
  --require rubocop-rspec \
  --only FactoryBot/AttributeDefinedStatically \
  --auto-correct

. (called from block (2 levels) in <top (required)> at /Users/flatironschool/Development/Mod2/rails-form_for-lab-nyc-web-111918/spec/factories/school_classes.rb:3)
DEPRECATION WARNING: Static attributes will be removed in FactoryBot 5.0. Please use dynamic
attributes instead by wrapping the attribute value in a block:

room_number { 5 }

To automatically update from static attributes to dynamic ones,
install rubocop-rspec and run:

rubocop \
  --require rubocop-rspec \
  --only FactoryBot/AttributeDefinedStatically \
  --auto-correct

. (called from block (2 levels) in <top (required)> at /Users/flatironschool/Development/Mod2/rails-form_for-lab-nyc-web-111918/spec/factories/school_classes.rb:4)
DEPRECATION WARNING: Static attributes will be removed in FactoryBot 5.0. Please use dynamic
attributes instead by wrapping the attribute value in a block:

first_name { "Daenerys" }

To automatically update from static attributes to dynamic ones,
install rubocop-rspec and run:

rubocop \
  --require rubocop-rspec \
  --only FactoryBot/AttributeDefinedStatically \
  --auto-correct

. (called from block (2 levels) in <top (required)> at /Users/flatironschool/Development/Mod2/rails-form_for-lab-nyc-web-111918/spec/factories/students.rb:3)
DEPRECATION WARNING: Static attributes will be removed in FactoryBot 5.0. Please use dynamic
attributes instead by wrapping the attribute value in a block:

last_name { "Targaryen" }

To automatically update from static attributes to dynamic ones,
install rubocop-rspec and run:

rubocop \
  --require rubocop-rspec \
  --only FactoryBot/AttributeDefinedStatically \
  --auto-correct

. (called from block (2 levels) in <top (required)> at /Users/flatironschool/Development/Mod2/rails-form_for-lab-nyc-web-111918/spec/factories/students.rb:4)
  [1m[36mActiveRecord::SchemaMigration Load (0.1ms)[0m  [1mSELECT "schema_migrations".* FROM "schema_migrations"[0m
Migrating to CreateSchoolClasses (20181217223415)
  [1m[35m (0.0ms)[0m  begin transaction
  [1m[36m (0.6ms)[0m  [1mCREATE TABLE "school_classes" ("id" INTEGER PRIMARY KEY AUTOINCREMENT NOT NULL, "title" varchar, "room_number" integer, "created_at" datetime NOT NULL, "updated_at" datetime NOT NULL) [0m
  [1m[35mSQL (0.3ms)[0m  INSERT INTO "schema_migrations" ("version") VALUES (?)  [["version", "20181217223415"]]
  [1m[36m (1.6ms)[0m  [1mcommit transaction[0m
  [1m[35mActiveRecord::SchemaMigration Load (0.1ms)[0m  SELECT "schema_migrations".* FROM "schema_migrations"
DEPRECATION WARNING: Static attributes will be removed in FactoryBot 5.0. Please use dynamic
attributes instead by wrapping the attribute value in a block:

title { "Computer Science" }

To automatically update from static attributes to dynamic ones,
install rubocop-rspec and run:

rubocop \
  --require rubocop-rspec \
  --only FactoryBot/AttributeDefinedStatically \
  --auto-correct

. (called from block (2 levels) in <top (required)> at /Users/flatironschool/Development/Mod2/rails-form_for-lab-nyc-web-111918/spec/factories/school_classes.rb:3)
DEPRECATION WARNING: Static attributes will be removed in FactoryBot 5.0. Please use dynamic
attributes instead by wrapping the attribute value in a block:

room_number { 5 }

To automatically update from static attributes to dynamic ones,
install rubocop-rspec and run:

rubocop \
  --require rubocop-rspec \
  --only FactoryBot/AttributeDefinedStatically \
  --auto-correct

. (called from block (2 levels) in <top (required)> at /Users/flatironschool/Development/Mod2/rails-form_for-lab-nyc-web-111918/spec/factories/school_classes.rb:4)
DEPRECATION WARNING: Static attributes will be removed in FactoryBot 5.0. Please use dynamic
attributes instead by wrapping the attribute value in a block:

first_name { "Daenerys" }

To automatically update from static attributes to dynamic ones,
install rubocop-rspec and run:

rubocop \
  --require rubocop-rspec \
  --only FactoryBot/AttributeDefinedStatically \
  --auto-correct

. (called from block (2 levels) in <top (required)> at /Users/flatironschool/Development/Mod2/rails-form_for-lab-nyc-web-111918/spec/factories/students.rb:3)
DEPRECATION WARNING: Static attributes will be removed in FactoryBot 5.0. Please use dynamic
attributes instead by wrapping the attribute value in a block:

last_name { "Targaryen" }

To automatically update from static attributes to dynamic ones,
install rubocop-rspec and run:

rubocop \
  --require rubocop-rspec \
  --only FactoryBot/AttributeDefinedStatically \
  --auto-correct

. (called from block (2 levels) in <top (required)> at /Users/flatironschool/Development/Mod2/rails-form_for-lab-nyc-web-111918/spec/factories/students.rb:4)


Started GET "/" for ::1 at 2018-12-18 09:44:18 -0500
  [1m[36mActiveRecord::SchemaMigration Load (1.3ms)[0m  [1mSELECT "schema_migrations".* FROM "schema_migrations"[0m
Processing by Rails::WelcomeController#index as HTML
  Rendered /Users/flatironschool/.rvm/gems/ruby-2.3.3/gems/railties-4.2.11/lib/rails/templates/rails/welcome/index.html.erb (2.4ms)
Completed 200 OK in 22ms (Views: 13.5ms | ActiveRecord: 0.0ms)


Started GET "/students" for ::1 at 2018-12-18 09:44:21 -0500
Processing by StudentsController#index as HTML
  [1m[35mStudent Load (1.4ms)[0m  SELECT "students".* FROM "students"
  Rendered students/index.erb within layouts/application (8.9ms)
Completed 200 OK in 478ms (Views: 470.2ms | ActiveRecord: 1.9ms)


Started GET "/assets/school_classes.self-877aef30ae1b040ab8a3aba4e3e309a11d7f2612f44dde450b5c157aa5f95c05.js?body=1" for ::1 at 2018-12-18 09:44:22 -0500


Started GET "/assets/school_classes.self-e3b0c44298fc1c149afbf4c8996fb92427ae41e4649b934ca495991b7852b855.css?body=1" for ::1 at 2018-12-18 09:44:22 -0500


Started GET "/students/new" for ::1 at 2018-12-18 09:44:27 -0500
Processing by StudentsController#new as HTML
  Rendered students/new.erb within layouts/application (16.0ms)
Completed 200 OK in 39ms (Views: 38.3ms | ActiveRecord: 0.0ms)


Started GET "/students/new" for ::1 at 2018-12-18 09:45:00 -0500
Processing by StudentsController#new as HTML
  Rendered students/new.erb within layouts/application (2.8ms)
Completed 200 OK in 26ms (Views: 25.0ms | ActiveRecord: 0.0ms)


Started POST "/students" for ::1 at 2018-12-18 09:45:06 -0500
Processing by StudentsController#create as HTML
  Parameters: {"utf8"=>"✓", "authenticity_token"=>"LPJ+ui7trEoKRyJV9PWY2axP/f477fiGyHSvox8OTSAc9L5tgFsvae1X/IXf2UuFHXDuD3CEZvsH35VFjNWHoQ==", "student"=>{"first_name"=>"Simon", "last_name"=>"Lee"}, "commit"=>"Submit Student"}
  [1m[36m (0.1ms)[0m  [1mbegin transaction[0m
  [1m[35mSQL (2.3ms)[0m  INSERT INTO "students" ("first_name", "last_name", "created_at", "updated_at") VALUES (?, ?, ?, ?)  [["first_name", "Simon"], ["last_name", "Lee"], ["created_at", "2018-12-18 14:45:06.338821"], ["updated_at", "2018-12-18 14:45:06.338821"]]
  [1m[36m (2.0ms)[0m  [1mcommit transaction[0m
Redirected to http://localhost:3000/students/3
Completed 302 Found in 11ms (ActiveRecord: 4.4ms)


Started GET "/students/3" for ::1 at 2018-12-18 09:45:06 -0500
Processing by StudentsController#show as HTML
  Parameters: {"id"=>"3"}
  [1m[35mStudent Load (0.2ms)[0m  SELECT  "students".* FROM "students" WHERE "students"."id" = ? LIMIT 1  [["id", 3]]
  Rendered students/show.erb within layouts/application (0.5ms)
Completed 200 OK in 43ms (Views: 31.5ms | ActiveRecord: 0.2ms)


Started GET "/students/" for ::1 at 2018-12-18 09:45:12 -0500
Processing by StudentsController#index as HTML
  [1m[36mStudent Load (0.2ms)[0m  [1mSELECT "students".* FROM "students"[0m
  Rendered students/index.erb within layouts/application (1.7ms)
Completed 200 OK in 24ms (Views: 22.8ms | ActiveRecord: 0.1ms)


Started GET "/students/3" for ::1 at 2018-12-18 09:45:15 -0500
Processing by StudentsController#show as HTML
  Parameters: {"id"=>"3"}
  [1m[35mStudent Load (0.1ms)[0m  SELECT  "students".* FROM "students" WHERE "students"."id" = ? LIMIT 1  [["id", 3]]
  Rendered students/show.erb within layouts/application (0.1ms)
Completed 200 OK in 23ms (Views: 21.9ms | ActiveRecord: 0.1ms)


Started GET "/students/3/edit" for ::1 at 2018-12-18 09:45:48 -0500
Processing by StudentsController#edit as HTML
  Parameters: {"id"=>"3"}
  [1m[36mStudent Load (0.2ms)[0m  [1mSELECT  "students".* FROM "students" WHERE "students"."id" = ? LIMIT 1[0m  [["id", 3]]
  Rendered students/edit.erb within layouts/application (0.3ms)
Completed 200 OK in 24ms (Views: 22.2ms | ActiveRecord: 0.2ms)


Started GET "/school_classes" for ::1 at 2018-12-18 09:45:55 -0500
Processing by SchoolClassesController#index as HTML
  [1m[35mSchoolClass Load (0.3ms)[0m  SELECT "school_classes".* FROM "school_classes"
  Rendered school_classes/index.erb within layouts/application (2.3ms)
Completed 200 OK in 28ms (Views: 24.3ms | ActiveRecord: 0.5ms)


Started GET "/school_classes/new" for ::1 at 2018-12-18 09:45:58 -0500
Processing by SchoolClassesController#new as HTML
  Rendered school_classes/new.erb within layouts/application (18.9ms)
Completed 500 Internal Server Error in 32ms (ActiveRecord: 0.2ms)

ActionView::Template::Error (undefined method `number' for #<ActionView::Helpers::FormBuilder:0x007fa16c3a5948>):
    4:   <%= f.text_field :title %><br>
    5: 
    6:   <%= f.label :room_number %>
    7:   <%= f.number :room_number%><br>
    8: 
    9:   <%= f.submit "Submit Class" %>
   10: <% end %>
  app/views/school_classes/new.erb:7:in `block in _app_views_school_classes_new_erb___2089937848727992817_70165612368820'
  app/views/school_classes/new.erb:2:in `_app_views_school_classes_new_erb___2089937848727992817_70165612368820'


  Rendered /Users/flatironschool/.rvm/gems/ruby-2.3.3/gems/actionpack-4.2.11/lib/action_dispatch/middleware/templates/rescues/_source.erb (7.6ms)
  Rendered /Users/flatironschool/.rvm/gems/ruby-2.3.3/gems/actionpack-4.2.11/lib/action_dispatch/middleware/templates/rescues/_trace.html.erb (2.8ms)
  Rendered /Users/flatironschool/.rvm/gems/ruby-2.3.3/gems/actionpack-4.2.11/lib/action_dispatch/middleware/templates/rescues/_request_and_response.html.erb (1.5ms)
  Rendered /Users/flatironschool/.rvm/gems/ruby-2.3.3/gems/actionpack-4.2.11/lib/action_dispatch/middleware/templates/rescues/template_error.html.erb within rescues/layout (106.6ms)


Started GET "/school_classes/new" for ::1 at 2018-12-18 09:47:12 -0500
Processing by SchoolClassesController#new as HTML
  Rendered school_classes/new.erb within layouts/application (5.7ms)
Completed 200 OK in 26ms (Views: 25.4ms | ActiveRecord: 0.0ms)


Started POST "/school_classes" for ::1 at 2018-12-18 09:47:22 -0500
Processing by SchoolClassesController#create as HTML
  Parameters: {"utf8"=>"✓", "authenticity_token"=>"R36C20hz9c8Ifgy2aUCtYZK/TeGR/xpxlNQE4Jq7Rrp3eEIM5sV27O9u0mZCbH49I4BeENqWhAxbfz4GCWCMOw==", "school_class"=>{"title"=>"Math", "room_number"=>"3"}, "commit"=>"Submit Class"}
Completed 400 Bad Request in 1ms (ActiveRecord: 0.0ms)

ActionController::ParameterMissing (param is missing or the value is empty: class):
  app/controllers/school_classes_controller.rb:32:in `class_params'
  app/controllers/school_classes_controller.rb:16:in `create'


  Rendered /Users/flatironschool/.rvm/gems/ruby-2.3.3/gems/actionpack-4.2.11/lib/action_dispatch/middleware/templates/rescues/_source.erb (3.6ms)
  Rendered /Users/flatironschool/.rvm/gems/ruby-2.3.3/gems/actionpack-4.2.11/lib/action_dispatch/middleware/templates/rescues/_trace.html.erb (1.5ms)
  Rendered /Users/flatironschool/.rvm/gems/ruby-2.3.3/gems/actionpack-4.2.11/lib/action_dispatch/middleware/templates/rescues/_request_and_response.html.erb (0.7ms)
  Rendered /Users/flatironschool/.rvm/gems/ruby-2.3.3/gems/actionpack-4.2.11/lib/action_dispatch/middleware/templates/rescues/diagnostics.html.erb within rescues/layout (87.9ms)


Started GET "/school_classes/new" for ::1 at 2018-12-18 09:47:55 -0500
Processing by SchoolClassesController#new as HTML
  Rendered school_classes/new.erb within layouts/application (1.4ms)
Completed 200 OK in 25ms (Views: 20.5ms | ActiveRecord: 0.4ms)


Started POST "/school_classes" for ::1 at 2018-12-18 09:48:00 -0500
Processing by SchoolClassesController#create as HTML
  Parameters: {"utf8"=>"✓", "authenticity_token"=>"TzLdtSwiAQ1bOv8Rg7UiskGeLwScuKPEJ1K+yzUFSJx/NB1igpSCLrwqIcGomfHu8KE89dfRPbno+YQtpt6CHQ==", "school_class"=>{"title"=>"Math", "room_number"=>"3"}, "commit"=>"Submit Class"}
  [1m[36m (0.1ms)[0m  [1mbegin transaction[0m
  [1m[35mSQL (0.4ms)[0m  INSERT INTO "school_classes" ("title", "room_number", "created_at", "updated_at") VALUES (?, ?, ?, ?)  [["title", "Math"], ["room_number", 3], ["created_at", "2018-12-18 14:48:00.787601"], ["updated_at", "2018-12-18 14:48:00.787601"]]
  [1m[36m (2.4ms)[0m  [1mcommit transaction[0m
Completed 500 Internal Server Error in 19ms (ActiveRecord: 2.9ms)

NoMethodError (undefined method `class_path' for #<SchoolClassesController:0x007fa168c794b0>
Did you mean?  class_params):
  app/controllers/school_classes_controller.rb:17:in `create'


  Rendered /Users/flatironschool/.rvm/gems/ruby-2.3.3/gems/actionpack-4.2.11/lib/action_dispatch/middleware/templates/rescues/_source.erb (4.4ms)
  Rendered /Users/flatironschool/.rvm/gems/ruby-2.3.3/gems/actionpack-4.2.11/lib/action_dispatch/middleware/templates/rescues/_trace.html.erb (2.2ms)
  Rendered /Users/flatironschool/.rvm/gems/ruby-2.3.3/gems/actionpack-4.2.11/lib/action_dispatch/middleware/templates/rescues/_request_and_response.html.erb (0.9ms)
  Rendered /Users/flatironschool/.rvm/gems/ruby-2.3.3/gems/actionpack-4.2.11/lib/action_dispatch/middleware/templates/rescues/diagnostics.html.erb within rescues/layout (92.4ms)


Started GET "/school_classes/new" for ::1 at 2018-12-18 09:48:18 -0500
Processing by SchoolClassesController#new as HTML
  Rendered school_classes/new.erb within layouts/application (1.4ms)
Completed 200 OK in 33ms (Views: 26.8ms | ActiveRecord: 0.8ms)


Started POST "/school_classes" for ::1 at 2018-12-18 09:48:22 -0500
Processing by SchoolClassesController#create as HTML
  Parameters: {"utf8"=>"✓", "authenticity_token"=>"icrMUNPMB7Gkypw3cbOgDcE91L9Wrl5dE0vbtbg1Om65zAyHfXqEkkPaQudan3NRcALHTh3HwCDc4OFTK+7w7w==", "school_class"=>{"title"=>"Math", "room_number"=>"4"}, "commit"=>"Submit Class"}
  [1m[35m (0.1ms)[0m  begin transaction
  [1m[36mSQL (0.6ms)[0m  [1mINSERT INTO "school_classes" ("title", "room_number", "created_at", "updated_at") VALUES (?, ?, ?, ?)[0m  [["title", "Math"], ["room_number", 4], ["created_at", "2018-12-18 14:48:22.884573"], ["updated_at", "2018-12-18 14:48:22.884573"]]
  [1m[35m (3.8ms)[0m  commit transaction
Completed 500 Internal Server Error in 21ms (ActiveRecord: 4.5ms)

NoMethodError (undefined method `class_path' for #<SchoolClassesController:0x007fa168aa96a8>
Did you mean?  class_params):
  app/controllers/school_classes_controller.rb:17:in `create'


  Rendered /Users/flatironschool/.rvm/gems/ruby-2.3.3/gems/actionpack-4.2.11/lib/action_dispatch/middleware/templates/rescues/_source.erb (4.2ms)
  Rendered /Users/flatironschool/.rvm/gems/ruby-2.3.3/gems/actionpack-4.2.11/lib/action_dispatch/middleware/templates/rescues/_trace.html.erb (2.2ms)
  Rendered /Users/flatironschool/.rvm/gems/ruby-2.3.3/gems/actionpack-4.2.11/lib/action_dispatch/middleware/templates/rescues/_request_and_response.html.erb (0.8ms)
  Rendered /Users/flatironschool/.rvm/gems/ruby-2.3.3/gems/actionpack-4.2.11/lib/action_dispatch/middleware/templates/rescues/diagnostics.html.erb within rescues/layout (92.7ms)
DEPRECATION WARNING: Static attributes will be removed in FactoryBot 5.0. Please use dynamic
attributes instead by wrapping the attribute value in a block:

title { "Computer Science" }

To automatically update from static attributes to dynamic ones,
install rubocop-rspec and run:

rubocop \
  --require rubocop-rspec \
  --only FactoryBot/AttributeDefinedStatically \
  --auto-correct

. (called from block (2 levels) in <top (required)> at /Users/flatironschool/Development/Mod2/rails-form_for-lab-nyc-web-111918/spec/factories/school_classes.rb:3)
DEPRECATION WARNING: Static attributes will be removed in FactoryBot 5.0. Please use dynamic
attributes instead by wrapping the attribute value in a block:

room_number { 5 }

To automatically update from static attributes to dynamic ones,
install rubocop-rspec and run:

rubocop \
  --require rubocop-rspec \
  --only FactoryBot/AttributeDefinedStatically \
  --auto-correct

. (called from block (2 levels) in <top (required)> at /Users/flatironschool/Development/Mod2/rails-form_for-lab-nyc-web-111918/spec/factories/school_classes.rb:4)
DEPRECATION WARNING: Static attributes will be removed in FactoryBot 5.0. Please use dynamic
attributes instead by wrapping the attribute value in a block:

first_name { "Daenerys" }

To automatically update from static attributes to dynamic ones,
install rubocop-rspec and run:

rubocop \
  --require rubocop-rspec \
  --only FactoryBot/AttributeDefinedStatically \
  --auto-correct

. (called from block (2 levels) in <top (required)> at /Users/flatironschool/Development/Mod2/rails-form_for-lab-nyc-web-111918/spec/factories/students.rb:3)
DEPRECATION WARNING: Static attributes will be removed in FactoryBot 5.0. Please use dynamic
attributes instead by wrapping the attribute value in a block:

last_name { "Targaryen" }

To automatically update from static attributes to dynamic ones,
install rubocop-rspec and run:

rubocop \
  --require rubocop-rspec \
  --only FactoryBot/AttributeDefinedStatically \
  --auto-correct

. (called from block (2 levels) in <top (required)> at /Users/flatironschool/Development/Mod2/rails-form_for-lab-nyc-web-111918/spec/factories/students.rb:4)
DEPRECATION WARNING: Static attributes will be removed in FactoryBot 5.0. Please use dynamic
attributes instead by wrapping the attribute value in a block:

title { "Computer Science" }

To automatically update from static attributes to dynamic ones,
install rubocop-rspec and run:

rubocop \
  --require rubocop-rspec \
  --only FactoryBot/AttributeDefinedStatically \
  --auto-correct

. (called from block (2 levels) in <top (required)> at /Users/flatironschool/Development/Mod2/rails-form_for-lab-nyc-web-111918/spec/factories/school_classes.rb:3)
DEPRECATION WARNING: Static attributes will be removed in FactoryBot 5.0. Please use dynamic
attributes instead by wrapping the attribute value in a block:

room_number { 5 }

To automatically update from static attributes to dynamic ones,
install rubocop-rspec and run:

rubocop \
  --require rubocop-rspec \
  --only FactoryBot/AttributeDefinedStatically \
  --auto-correct

. (called from block (2 levels) in <top (required)> at /Users/flatironschool/Development/Mod2/rails-form_for-lab-nyc-web-111918/spec/factories/school_classes.rb:4)
DEPRECATION WARNING: Static attributes will be removed in FactoryBot 5.0. Please use dynamic
attributes instead by wrapping the attribute value in a block:

first_name { "Daenerys" }

To automatically update from static attributes to dynamic ones,
install rubocop-rspec and run:

rubocop \
  --require rubocop-rspec \
  --only FactoryBot/AttributeDefinedStatically \
  --auto-correct

. (called from block (2 levels) in <top (required)> at /Users/flatironschool/Development/Mod2/rails-form_for-lab-nyc-web-111918/spec/factories/students.rb:3)
DEPRECATION WARNING: Static attributes will be removed in FactoryBot 5.0. Please use dynamic
attributes instead by wrapping the attribute value in a block:

last_name { "Targaryen" }

To automatically update from static attributes to dynamic ones,
install rubocop-rspec and run:

rubocop \
  --require rubocop-rspec \
  --only FactoryBot/AttributeDefinedStatically \
  --auto-correct

. (called from block (2 levels) in <top (required)> at /Users/flatironschool/Development/Mod2/rails-form_for-lab-nyc-web-111918/spec/factories/students.rb:4)
DEPRECATION WARNING: Static attributes will be removed in FactoryBot 5.0. Please use dynamic
attributes instead by wrapping the attribute value in a block:

title { "Computer Science" }

To automatically update from static attributes to dynamic ones,
install rubocop-rspec and run:

rubocop \
  --require rubocop-rspec \
  --only FactoryBot/AttributeDefinedStatically \
  --auto-correct

. (called from block (2 levels) in <top (required)> at /Users/flatironschool/Development/Mod2/rails-form_for-lab-nyc-web-111918/spec/factories/school_classes.rb:3)
DEPRECATION WARNING: Static attributes will be removed in FactoryBot 5.0. Please use dynamic
attributes instead by wrapping the attribute value in a block:

room_number { 5 }

To automatically update from static attributes to dynamic ones,
install rubocop-rspec and run:

rubocop \
  --require rubocop-rspec \
  --only FactoryBot/AttributeDefinedStatically \
  --auto-correct

. (called from block (2 levels) in <top (required)> at /Users/flatironschool/Development/Mod2/rails-form_for-lab-nyc-web-111918/spec/factories/school_classes.rb:4)
DEPRECATION WARNING: Static attributes will be removed in FactoryBot 5.0. Please use dynamic
attributes instead by wrapping the attribute value in a block:

first_name { "Daenerys" }

To automatically update from static attributes to dynamic ones,
install rubocop-rspec and run:

rubocop \
  --require rubocop-rspec \
  --only FactoryBot/AttributeDefinedStatically \
  --auto-correct

. (called from block (2 levels) in <top (required)> at /Users/flatironschool/Development/Mod2/rails-form_for-lab-nyc-web-111918/spec/factories/students.rb:3)
DEPRECATION WARNING: Static attributes will be removed in FactoryBot 5.0. Please use dynamic
attributes instead by wrapping the attribute value in a block:

last_name { "Targaryen" }

To automatically update from static attributes to dynamic ones,
install rubocop-rspec and run:

rubocop \
  --require rubocop-rspec \
  --only FactoryBot/AttributeDefinedStatically \
  --auto-correct

. (called from block (2 levels) in <top (required)> at /Users/flatironschool/Development/Mod2/rails-form_for-lab-nyc-web-111918/spec/factories/students.rb:4)
DEPRECATION WARNING: Static attributes will be removed in FactoryBot 5.0. Please use dynamic
attributes instead by wrapping the attribute value in a block:

title { "Computer Science" }

To automatically update from static attributes to dynamic ones,
install rubocop-rspec and run:

rubocop \
  --require rubocop-rspec \
  --only FactoryBot/AttributeDefinedStatically \
  --auto-correct

. (called from block (2 levels) in <top (required)> at /Users/flatironschool/Development/Mod2/rails-form_for-lab-nyc-web-111918/spec/factories/school_classes.rb:3)
DEPRECATION WARNING: Static attributes will be removed in FactoryBot 5.0. Please use dynamic
attributes instead by wrapping the attribute value in a block:

room_number { 5 }

To automatically update from static attributes to dynamic ones,
install rubocop-rspec and run:

rubocop \
  --require rubocop-rspec \
  --only FactoryBot/AttributeDefinedStatically \
  --auto-correct

. (called from block (2 levels) in <top (required)> at /Users/flatironschool/Development/Mod2/rails-form_for-lab-nyc-web-111918/spec/factories/school_classes.rb:4)
DEPRECATION WARNING: Static attributes will be removed in FactoryBot 5.0. Please use dynamic
attributes instead by wrapping the attribute value in a block:

first_name { "Daenerys" }

To automatically update from static attributes to dynamic ones,
install rubocop-rspec and run:

rubocop \
  --require rubocop-rspec \
  --only FactoryBot/AttributeDefinedStatically \
  --auto-correct

. (called from block (2 levels) in <top (required)> at /Users/flatironschool/Development/Mod2/rails-form_for-lab-nyc-web-111918/spec/factories/students.rb:3)
DEPRECATION WARNING: Static attributes will be removed in FactoryBot 5.0. Please use dynamic
attributes instead by wrapping the attribute value in a block:

last_name { "Targaryen" }

To automatically update from static attributes to dynamic ones,
install rubocop-rspec and run:

rubocop \
  --require rubocop-rspec \
  --only FactoryBot/AttributeDefinedStatically \
  --auto-correct

. (called from block (2 levels) in <top (required)> at /Users/flatironschool/Development/Mod2/rails-form_for-lab-nyc-web-111918/spec/factories/students.rb:4)


Started GET "/school_classes" for ::1 at 2018-12-18 09:50:31 -0500
  [1m[36mActiveRecord::SchemaMigration Load (0.2ms)[0m  [1mSELECT "schema_migrations".* FROM "schema_migrations"[0m
Processing by SchoolClassesController#index as HTML
  [1m[35mSchoolClass Load (0.2ms)[0m  SELECT "school_classes".* FROM "school_classes"
  Rendered school_classes/index.erb within layouts/application (7.8ms)
Completed 200 OK in 273ms (Views: 261.6ms | ActiveRecord: 0.7ms)


Started GET "/school_classes/new" for ::1 at 2018-12-18 09:50:35 -0500
Processing by SchoolClassesController#new as HTML
  Rendered school_classes/new.erb within layouts/application (18.2ms)
Completed 200 OK in 41ms (Views: 40.5ms | ActiveRecord: 0.0ms)


Started POST "/school_classes" for ::1 at 2018-12-18 09:50:47 -0500
Processing by SchoolClassesController#create as HTML
  Parameters: {"utf8"=>"✓", "authenticity_token"=>"7kswd186Ng9/eJaASaIU+ROYWjci4kQ1pqY7GYiuwybeTfCg8Yy1LJhoSFBijseloqdJxmmL2khpDQH/G3UJpw==", "school_class"=>{"title"=>"Physics 101", "room_number"=>"1"}, "commit"=>"Submit Class"}
  [1m[36m (0.1ms)[0m  [1mbegin transaction[0m
  [1m[35mSQL (0.6ms)[0m  INSERT INTO "school_classes" ("title", "room_number", "created_at", "updated_at") VALUES (?, ?, ?, ?)  [["title", "Physics 101"], ["room_number", 1], ["created_at", "2018-12-18 14:50:47.488367"], ["updated_at", "2018-12-18 14:50:47.488367"]]
  [1m[36m (1.8ms)[0m  [1mcommit transaction[0m
Redirected to http://localhost:3000/school_classes/3
Completed 302 Found in 7ms (ActiveRecord: 2.4ms)


Started GET "/school_classes/3" for ::1 at 2018-12-18 09:50:47 -0500
Processing by SchoolClassesController#show as HTML
  Parameters: {"id"=>"3"}
  [1m[35mSchoolClass Load (0.2ms)[0m  SELECT  "school_classes".* FROM "school_classes" WHERE "school_classes"."id" = ? LIMIT 1  [["id", 3]]
  Rendered school_classes/show.erb within layouts/application (1.2ms)
Completed 200 OK in 49ms (Views: 32.3ms | ActiveRecord: 0.2ms)


Started GET "/school_classes/3/edit" for ::1 at 2018-12-18 09:51:21 -0500
Processing by SchoolClassesController#edit as HTML
  Parameters: {"id"=>"3"}
  [1m[36mSchoolClass Load (0.2ms)[0m  [1mSELECT  "school_classes".* FROM "school_classes" WHERE "school_classes"."id" = ? LIMIT 1[0m  [["id", 3]]
  Rendered school_classes/edit.erb within layouts/application (0.4ms)
Completed 200 OK in 27ms (Views: 24.5ms | ActiveRecord: 0.2ms)


Started GET "/school_classes/" for ::1 at 2018-12-18 09:51:26 -0500
Processing by SchoolClassesController#index as HTML
  [1m[35mSchoolClass Load (0.1ms)[0m  SELECT "school_classes".* FROM "school_classes"
  Rendered school_classes/index.erb within layouts/application (0.8ms)
Completed 200 OK in 26ms (Views: 24.8ms | ActiveRecord: 0.1ms)
DEPRECATION WARNING: Static attributes will be removed in FactoryBot 5.0. Please use dynamic
attributes instead by wrapping the attribute value in a block:

title { "Computer Science" }

To automatically update from static attributes to dynamic ones,
install rubocop-rspec and run:

rubocop \
  --require rubocop-rspec \
  --only FactoryBot/AttributeDefinedStatically \
  --auto-correct

. (called from block (2 levels) in <top (required)> at /Users/flatironschool/Development/Mod2/rails-form_for-lab-nyc-web-111918/spec/factories/school_classes.rb:3)
DEPRECATION WARNING: Static attributes will be removed in FactoryBot 5.0. Please use dynamic
attributes instead by wrapping the attribute value in a block:

room_number { 5 }

To automatically update from static attributes to dynamic ones,
install rubocop-rspec and run:

rubocop \
  --require rubocop-rspec \
  --only FactoryBot/AttributeDefinedStatically \
  --auto-correct

. (called from block (2 levels) in <top (required)> at /Users/flatironschool/Development/Mod2/rails-form_for-lab-nyc-web-111918/spec/factories/school_classes.rb:4)
DEPRECATION WARNING: Static attributes will be removed in FactoryBot 5.0. Please use dynamic
attributes instead by wrapping the attribute value in a block:

first_name { "Daenerys" }

To automatically update from static attributes to dynamic ones,
install rubocop-rspec and run:

rubocop \
  --require rubocop-rspec \
  --only FactoryBot/AttributeDefinedStatically \
  --auto-correct

. (called from block (2 levels) in <top (required)> at /Users/flatironschool/Development/Mod2/rails-form_for-lab-nyc-web-111918/spec/factories/students.rb:3)
DEPRECATION WARNING: Static attributes will be removed in FactoryBot 5.0. Please use dynamic
attributes instead by wrapping the attribute value in a block:

last_name { "Targaryen" }

To automatically update from static attributes to dynamic ones,
install rubocop-rspec and run:

rubocop \
  --require rubocop-rspec \
  --only FactoryBot/AttributeDefinedStatically \
  --auto-correct

. (called from block (2 levels) in <top (required)> at /Users/flatironschool/Development/Mod2/rails-form_for-lab-nyc-web-111918/spec/factories/students.rb:4)


Started GET "/school_classes/" for ::1 at 2018-12-18 09:56:05 -0500
  [1m[36mActiveRecord::SchemaMigration Load (0.2ms)[0m  [1mSELECT "schema_migrations".* FROM "schema_migrations"[0m
Processing by SchoolClassesController#index as HTML
  [1m[35mSchoolClass Load (0.1ms)[0m  SELECT "school_classes".* FROM "school_classes"
  Rendered school_classes/index.erb within layouts/application (5.0ms)
Completed 200 OK in 244ms (Views: 232.9ms | ActiveRecord: 0.4ms)


Started GET "/school_classes/1" for ::1 at 2018-12-18 09:56:08 -0500
Processing by SchoolClassesController#show as HTML
  Parameters: {"id"=>"1"}
  [1m[36mSchoolClass Load (0.4ms)[0m  [1mSELECT  "school_classes".* FROM "school_classes" WHERE "school_classes"."id" = ? LIMIT 1[0m  [["id", 1]]
  Rendered school_classes/show.erb within layouts/application (0.6ms)
Completed 200 OK in 38ms (Views: 25.8ms | ActiveRecord: 0.4ms)


Started GET "/school_classes/1/edit" for ::1 at 2018-12-18 09:56:11 -0500
Processing by SchoolClassesController#edit as HTML
  Parameters: {"id"=>"1"}
  [1m[35mSchoolClass Load (0.3ms)[0m  SELECT  "school_classes".* FROM "school_classes" WHERE "school_classes"."id" = ? LIMIT 1  [["id", 1]]
  Rendered school_classes/edit.erb within layouts/application (17.0ms)
Completed 200 OK in 38ms (Views: 36.5ms | ActiveRecord: 0.3ms)


Started GET "/school_classes/1/edit" for ::1 at 2018-12-18 09:56:39 -0500
Processing by SchoolClassesController#edit as HTML
  Parameters: {"id"=>"1"}
  [1m[36mSchoolClass Load (0.2ms)[0m  [1mSELECT  "school_classes".* FROM "school_classes" WHERE "school_classes"."id" = ? LIMIT 1[0m  [["id", 1]]
  Rendered school_classes/edit.erb within layouts/application (1.8ms)
Completed 200 OK in 25ms (Views: 22.2ms | ActiveRecord: 0.2ms)


Started PATCH "/school_classes/1" for ::1 at 2018-12-18 09:56:44 -0500
Processing by SchoolClassesController#update as HTML
  Parameters: {"utf8"=>"✓", "authenticity_token"=>"3T0hhgmfKJK+qfm1etxQagdmy98asIFsm/zE8/VixYbtO+FRpymrsVm5J2VR8IM2tlnYLlHZHxFUV/4VZrkPBw==", "school_class"=>{"title"=>"Math 101", "room_number"=>"3"}, "commit"=>"Submit Class", "id"=>"1"}
  [1m[35mSchoolClass Load (0.1ms)[0m  SELECT  "school_classes".* FROM "school_classes" WHERE "school_classes"."id" = ? LIMIT 1  [["id", 1]]
Completed 500 Internal Server Error in 1ms (ActiveRecord: 0.1ms)

ArgumentError (wrong number of arguments (given 1, expected 2)):
  app/controllers/school_classes_controller.rb:25:in `update'


  Rendered /Users/flatironschool/.rvm/gems/ruby-2.3.3/gems/actionpack-4.2.11/lib/action_dispatch/middleware/templates/rescues/_source.erb (3.4ms)
  Rendered /Users/flatironschool/.rvm/gems/ruby-2.3.3/gems/actionpack-4.2.11/lib/action_dispatch/middleware/templates/rescues/_trace.html.erb (1.5ms)
  Rendered /Users/flatironschool/.rvm/gems/ruby-2.3.3/gems/actionpack-4.2.11/lib/action_dispatch/middleware/templates/rescues/_request_and_response.html.erb (0.9ms)
  Rendered /Users/flatironschool/.rvm/gems/ruby-2.3.3/gems/actionpack-4.2.11/lib/action_dispatch/middleware/templates/rescues/diagnostics.html.erb within rescues/layout (93.0ms)


Started GET "/students/1" for ::1 at 2018-12-18 09:57:14 -0500
Processing by StudentsController#show as HTML
  Parameters: {"id"=>"1"}
  [1m[36mStudent Load (0.2ms)[0m  [1mSELECT  "students".* FROM "students" WHERE "students"."id" = ? LIMIT 1[0m  [["id", 1]]
  Rendered students/show.erb within layouts/application (0.6ms)
Completed 200 OK in 30ms (Views: 20.0ms | ActiveRecord: 0.6ms)


Started GET "/students/2" for ::1 at 2018-12-18 09:57:18 -0500
Processing by StudentsController#show as HTML
  Parameters: {"id"=>"2"}
  [1m[35mStudent Load (0.1ms)[0m  SELECT  "students".* FROM "students" WHERE "students"."id" = ? LIMIT 1  [["id", 2]]
Completed 404 Not Found in 2ms (ActiveRecord: 0.1ms)

ActiveRecord::RecordNotFound (Couldn't find Student with 'id'=2):
  app/controllers/students_controller.rb:36:in `find_student'


  Rendered /Users/flatironschool/.rvm/gems/ruby-2.3.3/gems/actionpack-4.2.11/lib/action_dispatch/middleware/templates/rescues/_source.erb (3.9ms)
  Rendered /Users/flatironschool/.rvm/gems/ruby-2.3.3/gems/actionpack-4.2.11/lib/action_dispatch/middleware/templates/rescues/_trace.html.erb (2.1ms)
  Rendered /Users/flatironschool/.rvm/gems/ruby-2.3.3/gems/actionpack-4.2.11/lib/action_dispatch/middleware/templates/rescues/_request_and_response.html.erb (0.8ms)
  Rendered /Users/flatironschool/.rvm/gems/ruby-2.3.3/gems/actionpack-4.2.11/lib/action_dispatch/middleware/templates/rescues/diagnostics.html.erb within rescues/layout (86.0ms)


Started GET "/students/" for ::1 at 2018-12-18 09:57:21 -0500
Processing by StudentsController#index as HTML
  [1m[36mStudent Load (0.2ms)[0m  [1mSELECT "students".* FROM "students"[0m
  Rendered students/index.erb within layouts/application (1.4ms)
Completed 200 OK in 26ms (Views: 25.6ms | ActiveRecord: 0.2ms)


Started GET "/students/3" for ::1 at 2018-12-18 09:57:25 -0500
Processing by StudentsController#show as HTML
  Parameters: {"id"=>"3"}
  [1m[35mStudent Load (0.1ms)[0m  SELECT  "students".* FROM "students" WHERE "students"."id" = ? LIMIT 1  [["id", 3]]
  Rendered students/show.erb within layouts/application (0.2ms)
Completed 200 OK in 32ms (Views: 31.2ms | ActiveRecord: 0.1ms)


Started GET "/students/3/edit" for ::1 at 2018-12-18 09:57:29 -0500
Processing by StudentsController#edit as HTML
  Parameters: {"id"=>"3"}
  [1m[36mStudent Load (0.1ms)[0m  [1mSELECT  "students".* FROM "students" WHERE "students"."id" = ? LIMIT 1[0m  [["id", 3]]
  Rendered students/edit.erb within layouts/application (3.2ms)
Completed 200 OK in 31ms (Views: 29.2ms | ActiveRecord: 0.1ms)


Started PATCH "/students/3" for ::1 at 2018-12-18 09:57:32 -0500
Processing by StudentsController#update as HTML
  Parameters: {"utf8"=>"✓", "authenticity_token"=>"MEb9zxt7IclhrSgUHrTFOumBPpNZZBrgkbjW5H6bCUUAQD0Ytc2i6oa99sQ1mBZmWL4tYhINhJ1eE+wC7UDDxA==", "student"=>{"first_name"=>"Simon", "last_name"=>"Leeeee"}, "commit"=>"Submit Student", "id"=>"3"}
  [1m[35mStudent Load (0.1ms)[0m  SELECT  "students".* FROM "students" WHERE "students"."id" = ? LIMIT 1  [["id", 3]]
Completed 500 Internal Server Error in 3ms (ActiveRecord: 0.1ms)

ArgumentError (wrong number of arguments (given 1, expected 2)):
  app/controllers/students_controller.rb:25:in `update'


  Rendered /Users/flatironschool/.rvm/gems/ruby-2.3.3/gems/actionpack-4.2.11/lib/action_dispatch/middleware/templates/rescues/_source.erb (3.4ms)
  Rendered /Users/flatironschool/.rvm/gems/ruby-2.3.3/gems/actionpack-4.2.11/lib/action_dispatch/middleware/templates/rescues/_trace.html.erb (2.8ms)
  Rendered /Users/flatironschool/.rvm/gems/ruby-2.3.3/gems/actionpack-4.2.11/lib/action_dispatch/middleware/templates/rescues/_request_and_response.html.erb (1.0ms)
  Rendered /Users/flatironschool/.rvm/gems/ruby-2.3.3/gems/actionpack-4.2.11/lib/action_dispatch/middleware/templates/rescues/diagnostics.html.erb within rescues/layout (87.7ms)


Started GET "/students/3" for ::1 at 2018-12-18 09:58:28 -0500
Processing by StudentsController#show as HTML
  Parameters: {"id"=>"3"}
  [1m[36mStudent Load (0.1ms)[0m  [1mSELECT  "students".* FROM "students" WHERE "students"."id" = ? LIMIT 1[0m  [["id", 3]]
  Rendered students/show.erb within layouts/application (0.1ms)
Completed 200 OK in 27ms (Views: 18.8ms | ActiveRecord: 0.5ms)


Started GET "/students/3/edit" for ::1 at 2018-12-18 09:58:31 -0500
Processing by StudentsController#edit as HTML
  Parameters: {"id"=>"3"}
  [1m[35mStudent Load (0.2ms)[0m  SELECT  "students".* FROM "students" WHERE "students"."id" = ? LIMIT 1  [["id", 3]]
  Rendered students/edit.erb within layouts/application (2.2ms)
Completed 200 OK in 26ms (Views: 23.4ms | ActiveRecord: 0.2ms)


Started PATCH "/students/3" for ::1 at 2018-12-18 09:58:35 -0500
Processing by StudentsController#update as HTML
  Parameters: {"utf8"=>"✓", "authenticity_token"=>"qMq3ikS6zK+T9t4ZPq64Ctucdsx04iABaX/uD/VoVkiYzHdd6gxPjHTmAMkVgmtWaqNlPT+Lvnym1NTpZrOcyQ==", "student"=>{"first_name"=>"Simon", "last_name"=>"Leeee1"}, "commit"=>"Submit Student", "id"=>"3"}
  [1m[36mStudent Load (0.1ms)[0m  [1mSELECT  "students".* FROM "students" WHERE "students"."id" = ? LIMIT 1[0m  [["id", 3]]
Completed 500 Internal Server Error in 1ms (ActiveRecord: 0.1ms)

ArgumentError (wrong number of arguments (given 1, expected 2)):
  app/controllers/students_controller.rb:25:in `update'


  Rendered /Users/flatironschool/.rvm/gems/ruby-2.3.3/gems/actionpack-4.2.11/lib/action_dispatch/middleware/templates/rescues/_source.erb (3.4ms)
  Rendered /Users/flatironschool/.rvm/gems/ruby-2.3.3/gems/actionpack-4.2.11/lib/action_dispatch/middleware/templates/rescues/_trace.html.erb (1.6ms)
  Rendered /Users/flatironschool/.rvm/gems/ruby-2.3.3/gems/actionpack-4.2.11/lib/action_dispatch/middleware/templates/rescues/_request_and_response.html.erb (0.8ms)
  Rendered /Users/flatironschool/.rvm/gems/ruby-2.3.3/gems/actionpack-4.2.11/lib/action_dispatch/middleware/templates/rescues/diagnostics.html.erb within rescues/layout (85.0ms)
DEPRECATION WARNING: Static attributes will be removed in FactoryBot 5.0. Please use dynamic
attributes instead by wrapping the attribute value in a block:

title { "Computer Science" }

To automatically update from static attributes to dynamic ones,
install rubocop-rspec and run:

rubocop \
  --require rubocop-rspec \
  --only FactoryBot/AttributeDefinedStatically \
  --auto-correct

. (called from block (2 levels) in <top (required)> at /Users/flatironschool/Development/Mod2/rails-form_for-lab-nyc-web-111918/spec/factories/school_classes.rb:3)
DEPRECATION WARNING: Static attributes will be removed in FactoryBot 5.0. Please use dynamic
attributes instead by wrapping the attribute value in a block:

room_number { 5 }

To automatically update from static attributes to dynamic ones,
install rubocop-rspec and run:

rubocop \
  --require rubocop-rspec \
  --only FactoryBot/AttributeDefinedStatically \
  --auto-correct

. (called from block (2 levels) in <top (required)> at /Users/flatironschool/Development/Mod2/rails-form_for-lab-nyc-web-111918/spec/factories/school_classes.rb:4)
DEPRECATION WARNING: Static attributes will be removed in FactoryBot 5.0. Please use dynamic
attributes instead by wrapping the attribute value in a block:

first_name { "Daenerys" }

To automatically update from static attributes to dynamic ones,
install rubocop-rspec and run:

rubocop \
  --require rubocop-rspec \
  --only FactoryBot/AttributeDefinedStatically \
  --auto-correct

. (called from block (2 levels) in <top (required)> at /Users/flatironschool/Development/Mod2/rails-form_for-lab-nyc-web-111918/spec/factories/students.rb:3)
DEPRECATION WARNING: Static attributes will be removed in FactoryBot 5.0. Please use dynamic
attributes instead by wrapping the attribute value in a block:

last_name { "Targaryen" }

To automatically update from static attributes to dynamic ones,
install rubocop-rspec and run:

rubocop \
  --require rubocop-rspec \
  --only FactoryBot/AttributeDefinedStatically \
  --auto-correct

. (called from block (2 levels) in <top (required)> at /Users/flatironschool/Development/Mod2/rails-form_for-lab-nyc-web-111918/spec/factories/students.rb:4)
DEPRECATION WARNING: Static attributes will be removed in FactoryBot 5.0. Please use dynamic
attributes instead by wrapping the attribute value in a block:

title { "Computer Science" }

To automatically update from static attributes to dynamic ones,
install rubocop-rspec and run:

rubocop \
  --require rubocop-rspec \
  --only FactoryBot/AttributeDefinedStatically \
  --auto-correct

. (called from block (2 levels) in <top (required)> at /Users/flatironschool/Development/Mod2/rails-form_for-lab-nyc-web-111918/spec/factories/school_classes.rb:3)
DEPRECATION WARNING: Static attributes will be removed in FactoryBot 5.0. Please use dynamic
attributes instead by wrapping the attribute value in a block:

room_number { 5 }

To automatically update from static attributes to dynamic ones,
install rubocop-rspec and run:

rubocop \
  --require rubocop-rspec \
  --only FactoryBot/AttributeDefinedStatically \
  --auto-correct

. (called from block (2 levels) in <top (required)> at /Users/flatironschool/Development/Mod2/rails-form_for-lab-nyc-web-111918/spec/factories/school_classes.rb:4)
DEPRECATION WARNING: Static attributes will be removed in FactoryBot 5.0. Please use dynamic
attributes instead by wrapping the attribute value in a block:

first_name { "Daenerys" }

To automatically update from static attributes to dynamic ones,
install rubocop-rspec and run:

rubocop \
  --require rubocop-rspec \
  --only FactoryBot/AttributeDefinedStatically \
  --auto-correct

. (called from block (2 levels) in <top (required)> at /Users/flatironschool/Development/Mod2/rails-form_for-lab-nyc-web-111918/spec/factories/students.rb:3)
DEPRECATION WARNING: Static attributes will be removed in FactoryBot 5.0. Please use dynamic
attributes instead by wrapping the attribute value in a block:

last_name { "Targaryen" }

To automatically update from static attributes to dynamic ones,
install rubocop-rspec and run:

rubocop \
  --require rubocop-rspec \
  --only FactoryBot/AttributeDefinedStatically \
  --auto-correct

. (called from block (2 levels) in <top (required)> at /Users/flatironschool/Development/Mod2/rails-form_for-lab-nyc-web-111918/spec/factories/students.rb:4)


Started GET "/school_classes" for ::1 at 2018-12-18 11:24:22 -0500
  [1m[36mActiveRecord::SchemaMigration Load (1.2ms)[0m  [1mSELECT "schema_migrations".* FROM "schema_migrations"[0m
Processing by SchoolClassesController#index as HTML
  [1m[35mSchoolClass Load (1.4ms)[0m  SELECT "school_classes".* FROM "school_classes"
  Rendered school_classes/index.erb within layouts/application (6.8ms)
Completed 200 OK in 301ms (Views: 287.4ms | ActiveRecord: 1.7ms)


Started GET "/school_classes/1" for ::1 at 2018-12-18 11:24:26 -0500
Processing by SchoolClassesController#show as HTML
  Parameters: {"id"=>"1"}
  [1m[36mSchoolClass Load (0.3ms)[0m  [1mSELECT  "school_classes".* FROM "school_classes" WHERE "school_classes"."id" = ? LIMIT 1[0m  [["id", 1]]
  Rendered school_classes/show.erb within layouts/application (0.7ms)
Completed 200 OK in 32ms (Views: 19.3ms | ActiveRecord: 0.3ms)


Started GET "/school_classes/new" for ::1 at 2018-12-18 11:24:56 -0500
Processing by SchoolClassesController#new as HTML
  Rendered school_classes/new.erb within layouts/application (18.3ms)
Completed 200 OK in 40ms (Views: 39.2ms | ActiveRecord: 0.0ms)


Started POST "/school_classes" for ::1 at 2018-12-18 11:25:09 -0500
Processing by SchoolClassesController#create as HTML
  Parameters: {"utf8"=>"✓", "authenticity_token"=>"74P2GNjjtCGxMm1M0aH6XfTDFYHcqsqvVCpazfIb4EbfhTbPdlU3AlYis5z6jSkBRfwGcJfDVNKbgWArYcAqxw==", "school_class"=>{"title"=>"CompSci", "room_number"=>"2001"}, "commit"=>"Create School class"}
Unpermitted parameters: title, room_number
  [1m[35m (0.1ms)[0m  begin transaction
  [1m[36mSQL (1.9ms)[0m  [1mINSERT INTO "school_classes" ("created_at", "updated_at") VALUES (?, ?)[0m  [["created_at", "2018-12-18 16:25:09.511101"], ["updated_at", "2018-12-18 16:25:09.511101"]]
  [1m[35m (2.2ms)[0m  commit transaction
Redirected to http://localhost:3000/school_classes/4
Completed 302 Found in 9ms (ActiveRecord: 4.3ms)


Started GET "/school_classes/4" for ::1 at 2018-12-18 11:25:09 -0500
Processing by SchoolClassesController#show as HTML
  Parameters: {"id"=>"4"}
  [1m[36mSchoolClass Load (0.1ms)[0m  [1mSELECT  "school_classes".* FROM "school_classes" WHERE "school_classes"."id" = ? LIMIT 1[0m  [["id", 4]]
  Rendered school_classes/show.erb within layouts/application (0.1ms)
Completed 200 OK in 44ms (Views: 43.3ms | ActiveRecord: 0.1ms)


Started GET "/school_classes/new" for ::1 at 2018-12-18 11:26:23 -0500
Processing by SchoolClassesController#new as HTML
  Rendered school_classes/new.erb within layouts/application (1.6ms)
Completed 200 OK in 27ms (Views: 21.4ms | ActiveRecord: 0.5ms)


Started POST "/school_classes" for ::1 at 2018-12-18 11:26:36 -0500
Processing by SchoolClassesController#create as HTML
  Parameters: {"utf8"=>"✓", "authenticity_token"=>"GgZTMYdDhBqpZYT2zjcccVgWRgTm7PB+w/CEc9bUdCQqAJPmKfUHOU51WiblG88t6SlV9a2FbgMMW76VRQ++pQ==", "school_class"=>{"title"=>"Biology 223", "room_number"=>"201"}, "commit"=>"Create School class"}
Completed 400 Bad Request in 1ms (ActiveRecord: 0.0ms)

ActionController::ParameterMissing (param is missing or the value is empty: school_classes):
  app/controllers/school_classes_controller.rb:33:in `class_params'
  app/controllers/school_classes_controller.rb:17:in `create'


  Rendered /Users/flatironschool/.rvm/gems/ruby-2.3.3/gems/actionpack-4.2.11/lib/action_dispatch/middleware/templates/rescues/_source.erb (3.3ms)
  Rendered /Users/flatironschool/.rvm/gems/ruby-2.3.3/gems/actionpack-4.2.11/lib/action_dispatch/middleware/templates/rescues/_trace.html.erb (2.3ms)
  Rendered /Users/flatironschool/.rvm/gems/ruby-2.3.3/gems/actionpack-4.2.11/lib/action_dispatch/middleware/templates/rescues/_request_and_response.html.erb (1.2ms)
  Rendered /Users/flatironschool/.rvm/gems/ruby-2.3.3/gems/actionpack-4.2.11/lib/action_dispatch/middleware/templates/rescues/diagnostics.html.erb within rescues/layout (103.7ms)


Started GET "/school_classes/new" for ::1 at 2018-12-18 11:27:43 -0500
Processing by SchoolClassesController#new as HTML
  Rendered school_classes/new.erb within layouts/application (1.5ms)
Completed 200 OK in 28ms (Views: 21.7ms | ActiveRecord: 0.4ms)


Started POST "/school_classes" for ::1 at 2018-12-18 11:27:52 -0500
Processing by SchoolClassesController#create as HTML
  Parameters: {"utf8"=>"✓", "authenticity_token"=>"s8e0tOjrTw/5X1bFYfKeZoUpvOuRSATM9biZkUP/+YKDwXRjRl3MLB5PiBVK3k06NBavGtohmrE6E6N30CQzAw==", "school_class"=>{"title"=>"Boology 20", "room_number"=>"56"}, "commit"=>"Create School class"}
Unpermitted parameters: title, room_number
Completed 500 Internal Server Error in 430326ms (ActiveRecord: 0.0ms)

SystemExit (exit):
  app/controllers/school_classes_controller.rb:34:in `class_params'
  app/controllers/school_classes_controller.rb:17:in `create'


  Rendered /Users/flatironschool/.rvm/gems/ruby-2.3.3/gems/actionpack-4.2.11/lib/action_dispatch/middleware/templates/rescues/_source.erb (90.7ms)
  Rendered /Users/flatironschool/.rvm/gems/ruby-2.3.3/gems/actionpack-4.2.11/lib/action_dispatch/middleware/templates/rescues/_trace.html.erb (22.8ms)
  Rendered /Users/flatironschool/.rvm/gems/ruby-2.3.3/gems/actionpack-4.2.11/lib/action_dispatch/middleware/templates/rescues/_request_and_response.html.erb (2.7ms)
  Rendered /Users/flatironschool/.rvm/gems/ruby-2.3.3/gems/actionpack-4.2.11/lib/action_dispatch/middleware/templates/rescues/diagnostics.html.erb within rescues/layout (217.0ms)


Started GET "/school_classes/new" for ::1 at 2018-12-18 11:35:09 -0500

SyntaxError (/Users/flatironschool/Development/Mod2/rails-form_for-lab-nyc-web-111918/app/controllers/school_classes_controller.rb:17: syntax error, unexpected ')'
    @class = SchoolClass.create(class_params(args*))
                                                   ^
/Users/flatironschool/Development/Mod2/rails-form_for-lab-nyc-web-111918/app/controllers/school_classes_controller.rb:26: syntax error, unexpected ')'
    @class = SchoolClass.update(class_params(args*))
                                                   ^):
  app/controllers/school_classes_controller.rb:17: syntax error, unexpected ')'
  app/controllers/school_classes_controller.rb:26: syntax error, unexpected ')'


  Rendered /Users/flatironschool/.rvm/gems/ruby-2.3.3/gems/actionpack-4.2.11/lib/action_dispatch/middleware/templates/rescues/_source.erb (105.6ms)
  Rendered /Users/flatironschool/.rvm/gems/ruby-2.3.3/gems/actionpack-4.2.11/lib/action_dispatch/middleware/templates/rescues/_trace.html.erb (26.2ms)
  Rendered /Users/flatironschool/.rvm/gems/ruby-2.3.3/gems/actionpack-4.2.11/lib/action_dispatch/middleware/templates/rescues/_request_and_response.html.erb (4.2ms)
  Rendered /Users/flatironschool/.rvm/gems/ruby-2.3.3/gems/actionpack-4.2.11/lib/action_dispatch/middleware/templates/rescues/diagnostics.html.erb within rescues/layout (235.9ms)


Started GET "/school_classes/new" for ::1 at 2018-12-18 11:35:51 -0500
Processing by SchoolClassesController#new as HTML
  Rendered school_classes/new.erb within layouts/application (17.2ms)
Completed 200 OK in 185ms (Views: 153.5ms | ActiveRecord: 1.9ms)


Started POST "/school_classes" for ::1 at 2018-12-18 11:35:58 -0500
Processing by SchoolClassesController#create as HTML
  Parameters: {"utf8"=>"✓", "authenticity_token"=>"cMRlP3cFNvNxvCQ0Et0HcF8GRuBkedlntODA60AZEdFAwqXo2bO10Jas+uQ58dQs7jlVES8QRxp7S/oN08LbUA==", "school_class"=>{"title"=>"Biology 20", "room_number"=>"50"}, "commit"=>"Create School class"}
  [1m[35m (0.3ms)[0m  begin transaction
  [1m[36mSQL (0.7ms)[0m  [1mINSERT INTO "school_classes" ("title", "room_number", "created_at", "updated_at") VALUES (?, ?, ?, ?)[0m  [["title", "Biology 20"], ["room_number", 50], ["created_at", "2018-12-18 16:35:58.547199"], ["updated_at", "2018-12-18 16:35:58.547199"]]
  [1m[35m (2.3ms)[0m  commit transaction
Redirected to http://localhost:3000/school_classes/5
Completed 302 Found in 30ms (ActiveRecord: 3.3ms)


Started GET "/school_classes/5" for ::1 at 2018-12-18 11:35:58 -0500
Processing by SchoolClassesController#show as HTML
  Parameters: {"id"=>"5"}
  [1m[36mSchoolClass Load (1.1ms)[0m  [1mSELECT  "school_classes".* FROM "school_classes" WHERE "school_classes"."id" = ? LIMIT 1[0m  [["id", 5]]
  Rendered school_classes/show.erb within layouts/application (0.9ms)
Completed 200 OK in 155ms (Views: 132.5ms | ActiveRecord: 1.1ms)
DEPRECATION WARNING: Static attributes will be removed in FactoryBot 5.0. Please use dynamic
attributes instead by wrapping the attribute value in a block:

title { "Computer Science" }

To automatically update from static attributes to dynamic ones,
install rubocop-rspec and run:

rubocop \
  --require rubocop-rspec \
  --only FactoryBot/AttributeDefinedStatically \
  --auto-correct

. (called from block (2 levels) in <top (required)> at /Users/flatironschool/Development/Mod2/rails-form_for-lab-nyc-web-111918/spec/factories/school_classes.rb:3)
DEPRECATION WARNING: Static attributes will be removed in FactoryBot 5.0. Please use dynamic
attributes instead by wrapping the attribute value in a block:

room_number { 5 }

To automatically update from static attributes to dynamic ones,
install rubocop-rspec and run:

rubocop \
  --require rubocop-rspec \
  --only FactoryBot/AttributeDefinedStatically \
  --auto-correct

. (called from block (2 levels) in <top (required)> at /Users/flatironschool/Development/Mod2/rails-form_for-lab-nyc-web-111918/spec/factories/school_classes.rb:4)
DEPRECATION WARNING: Static attributes will be removed in FactoryBot 5.0. Please use dynamic
attributes instead by wrapping the attribute value in a block:

first_name { "Daenerys" }

To automatically update from static attributes to dynamic ones,
install rubocop-rspec and run:

rubocop \
  --require rubocop-rspec \
  --only FactoryBot/AttributeDefinedStatically \
  --auto-correct

. (called from block (2 levels) in <top (required)> at /Users/flatironschool/Development/Mod2/rails-form_for-lab-nyc-web-111918/spec/factories/students.rb:3)
DEPRECATION WARNING: Static attributes will be removed in FactoryBot 5.0. Please use dynamic
attributes instead by wrapping the attribute value in a block:

last_name { "Targaryen" }

To automatically update from static attributes to dynamic ones,
install rubocop-rspec and run:

rubocop \
  --require rubocop-rspec \
  --only FactoryBot/AttributeDefinedStatically \
  --auto-correct

. (called from block (2 levels) in <top (required)> at /Users/flatironschool/Development/Mod2/rails-form_for-lab-nyc-web-111918/spec/factories/students.rb:4)


Started GET "/school_classes/" for ::1 at 2018-12-18 11:54:15 -0500
  [1m[36mActiveRecord::SchemaMigration Load (1.1ms)[0m  [1mSELECT "schema_migrations".* FROM "schema_migrations"[0m
Processing by SchoolClassesController#index as HTML
  [1m[35mSchoolClass Load (1.5ms)[0m  SELECT "school_classes".* FROM "school_classes"
  Rendered school_classes/index.erb within layouts/application (7.9ms)
Completed 200 OK in 280ms (Views: 267.3ms | ActiveRecord: 2.0ms)


Started GET "/school_classes/4" for ::1 at 2018-12-18 11:54:21 -0500
Processing by SchoolClassesController#show as HTML
  Parameters: {"id"=>"4"}
  [1m[36mSchoolClass Load (0.3ms)[0m  [1mSELECT  "school_classes".* FROM "school_classes" WHERE "school_classes"."id" = ? LIMIT 1[0m  [["id", 4]]
  Rendered school_classes/show.erb within layouts/application (0.5ms)
Completed 200 OK in 31ms (Views: 19.9ms | ActiveRecord: 0.3ms)


Started GET "/school_classes/4/edit" for ::1 at 2018-12-18 11:54:25 -0500
Processing by SchoolClassesController#edit as HTML
  Parameters: {"id"=>"4"}
  [1m[35mSchoolClass Load (0.1ms)[0m  SELECT  "school_classes".* FROM "school_classes" WHERE "school_classes"."id" = ? LIMIT 1  [["id", 4]]
  Rendered school_classes/edit.erb within layouts/application (17.1ms)
Completed 200 OK in 38ms (Views: 35.8ms | ActiveRecord: 0.1ms)


Started PATCH "/school_classes/4" for ::1 at 2018-12-18 11:54:38 -0500
Processing by SchoolClassesController#update as HTML
  Parameters: {"utf8"=>"✓", "authenticity_token"=>"hVntr5qNL5+yD/5xqehOkHff3FIyo+7CA1nxcTirTle1Xy14NDusvFUfIKGCxJ3MxuDPo3nKcL/M8suXq3CE1g==", "school_class"=>{"title"=>"Astrology 3", "room_number"=>"9"}, "commit"=>"Update School class", "id"=>"4"}
  [1m[36mSchoolClass Load (0.2ms)[0m  [1mSELECT  "school_classes".* FROM "school_classes" WHERE "school_classes"."id" = ? LIMIT 1[0m  [["id", 4]]
Completed 500 Internal Server Error in 2ms (ActiveRecord: 0.2ms)

ArgumentError (wrong number of arguments (given 1, expected 2)):
  app/controllers/school_classes_controller.rb:26:in `update'


  Rendered /Users/flatironschool/.rvm/gems/ruby-2.3.3/gems/actionpack-4.2.11/lib/action_dispatch/middleware/templates/rescues/_source.erb (3.9ms)
  Rendered /Users/flatironschool/.rvm/gems/ruby-2.3.3/gems/actionpack-4.2.11/lib/action_dispatch/middleware/templates/rescues/_trace.html.erb (2.2ms)
  Rendered /Users/flatironschool/.rvm/gems/ruby-2.3.3/gems/actionpack-4.2.11/lib/action_dispatch/middleware/templates/rescues/_request_and_response.html.erb (0.9ms)
  Rendered /Users/flatironschool/.rvm/gems/ruby-2.3.3/gems/actionpack-4.2.11/lib/action_dispatch/middleware/templates/rescues/diagnostics.html.erb within rescues/layout (106.2ms)


Started GET "/school_classes/4" for ::1 at 2018-12-18 11:57:50 -0500
Processing by SchoolClassesController#show as HTML
  Parameters: {"id"=>"4"}
  [1m[35mSchoolClass Load (0.1ms)[0m  SELECT  "school_classes".* FROM "school_classes" WHERE "school_classes"."id" = ? LIMIT 1  [["id", 4]]
  Rendered school_classes/show.erb within layouts/application (0.1ms)
Completed 200 OK in 27ms (Views: 21.9ms | ActiveRecord: 0.5ms)


Started GET "/school_classes/4/edit" for ::1 at 2018-12-18 11:57:53 -0500
Processing by SchoolClassesController#edit as HTML
  Parameters: {"id"=>"4"}
  [1m[36mSchoolClass Load (0.1ms)[0m  [1mSELECT  "school_classes".* FROM "school_classes" WHERE "school_classes"."id" = ? LIMIT 1[0m  [["id", 4]]
  Rendered school_classes/edit.erb within layouts/application (2.4ms)
Completed 200 OK in 24ms (Views: 23.1ms | ActiveRecord: 0.1ms)


Started PATCH "/school_classes/4" for ::1 at 2018-12-18 11:58:01 -0500
Processing by SchoolClassesController#update as HTML
  Parameters: {"utf8"=>"✓", "authenticity_token"=>"7qKm/mXsY3otrZRFxe7DhvIb4O51YFgzluJdWp1GRTPepGYpy1rgWcq9SpXuwhDaQyTzHz4Jxk5ZSWe8Dp2Psg==", "school_class"=>{"title"=>"Astrology 3", "room_number"=>"5"}, "commit"=>"Update School class", "id"=>"4"}
  [1m[35mSchoolClass Load (0.1ms)[0m  SELECT  "school_classes".* FROM "school_classes" WHERE "school_classes"."id" = ? LIMIT 1  [["id", 4]]
  [1m[36m (0.1ms)[0m  [1mbegin transaction[0m
  [1m[35mSQL (0.7ms)[0m  UPDATE "school_classes" SET "title" = ?, "room_number" = ?, "updated_at" = ? WHERE "school_classes"."id" = ?  [["title", "Astrology 3"], ["room_number", 5], ["updated_at", "2018-12-18 16:58:01.399571"], ["id", 4]]
  [1m[36m (2.1ms)[0m  [1mcommit transaction[0m
Redirected to http://localhost:3000/school_classes/4
Completed 302 Found in 9ms (ActiveRecord: 3.0ms)


Started GET "/school_classes/4" for ::1 at 2018-12-18 11:58:01 -0500
Processing by SchoolClassesController#show as HTML
  Parameters: {"id"=>"4"}
  [1m[35mSchoolClass Load (0.2ms)[0m  SELECT  "school_classes".* FROM "school_classes" WHERE "school_classes"."id" = ? LIMIT 1  [["id", 4]]
  Rendered school_classes/show.erb within layouts/application (0.1ms)
Completed 200 OK in 30ms (Views: 28.6ms | ActiveRecord: 0.2ms)
